<?xml version="1.0" encoding="UTF-8"?>
<!-- Generated by org.testng.reporters.JUnitXMLReporter -->
<testsuite ignored="3" hostname="LAPTOP-HHG97Q7R" failures="0" tests="1" name="Default test" time="27.31" errors="0" timestamp="2023-12-22T18:16:18 IST">
  <testcase classname="com.OrangeHRM.TestCases.OrangeHRMTestCases" name="loginWithInvalidCredentialsTC_002" time="12.803"/>
  <testcase classname="com.OrangeHRM.TestCases.OrangeHRMTestCases" name="loginWithValidCredentialsTC_001" time="0.0">
    <ignored/>
  </testcase> <!-- loginWithValidCredentialsTC_001 -->
  <testcase classname="com.OrangeHRM.TestCases.OrangeHRMTestCases" name="addUserTC_003" time="0.0">
    <ignored/>
  </testcase> <!-- addUserTC_003 -->
  <testcase classname="com.OrangeHRM.TestCases.OrangeHRMTestCases" name="addUserTC_004" time="0.0">
    <ignored/>
  </testcase> <!-- addUserTC_004 -->
</testsuite> <!-- Default test -->
