<?xml version="1.0" encoding="UTF-8"?>
<!-- Generated by org.testng.reporters.JUnitXMLReporter -->
<testsuite ignored="2" hostname="LAPTOP-HHG97Q7R" failures="0" tests="2" name="Test" time="44.826" errors="0" timestamp="2023-12-22T18:25:00 IST">
  <testcase classname="com.OrangeHRM.TestCases.OrangeHRMTestCases" name="loginWithValidCredentialsTC_001" time="8.916"/>
  <testcase classname="com.OrangeHRM.TestCases.OrangeHRMTestCases" name="loginWithInvalidCredentialsTC_002" time="12.317"/>
  <testcase classname="com.OrangeHRM.TestCases.OrangeHRMTestCases" name="addUserTC_004" time="0.0">
    <ignored/>
  </testcase> <!-- addUserTC_004 -->
  <testcase classname="com.OrangeHRM.TestCases.OrangeHRMTestCases" name="addUserTC_003" time="0.0">
    <ignored/>
  </testcase> <!-- addUserTC_003 -->
</testsuite> <!-- Test -->
