<?xml version="1.0" encoding="UTF-8"?>
<!-- Generated by org.testng.reporters.JUnitXMLReporter -->
<testsuite ignored="3" hostname="LAPTOP-HHG97Q7R" failures="1" tests="1" name="Test" time="24.159" errors="0" timestamp="2023-12-16T12:07:52 IST">
  <testcase classname="com.OrangeHRM.TestCases.OrangeHRMTestCases" name="addUserTC_003" time="17.242">
    <failure type="java.lang.AssertionError" message="null">
      <![CDATA[java.lang.AssertionError: null
at com.OrangeHRM.Commands.CommandsCls.click(CommandsCls.java:32)
at com.OrangeHRM.Pages.AddUserPageCls.addUser(AddUserPageCls.java:23)
at com.OrangeHRM.TestCases.OrangeHRMTestCases.addUserTC_003(OrangeHRMTestCases.java:40)
at java.base/java.util.ArrayList.forEach(ArrayList.java:1511)
... Removed 29 stack frames]]>
    </failure>
  </testcase> <!-- addUserTC_003 -->
  <testcase classname="com.OrangeHRM.TestCases.OrangeHRMTestCases" name="addUserTC_004" time="0.0">
    <ignored/>
  </testcase> <!-- addUserTC_004 -->
  <testcase classname="com.OrangeHRM.TestCases.OrangeHRMTestCases" name="loginWithValidCredentialsTC_001" time="0.0">
    <ignored/>
  </testcase> <!-- loginWithValidCredentialsTC_001 -->
  <testcase classname="com.OrangeHRM.TestCases.OrangeHRMTestCases" name="loginWithInvalidCredentialsTC_002" time="0.0">
    <ignored/>
  </testcase> <!-- loginWithInvalidCredentialsTC_002 -->
</testsuite> <!-- Test -->
