<?xml version="1.0" encoding="UTF-8"?>
<!-- Generated by org.testng.reporters.JUnitXMLReporter -->
<testsuite ignored="2" hostname="LAPTOP-HHG97Q7R" failures="0" tests="2" name="Test" time="53.163" errors="0" timestamp="2023-12-19T21:38:28 IST">
  <testcase classname="com.OrangeHRM.TestCases.OrangeHRMTestCases" name="loginWithValidCredentialsTC_001" time="8.985"/>
  <testcase classname="com.OrangeHRM.TestCases.OrangeHRMTestCases" name="loginWithInvalidCredentialsTC_002" time="12.299"/>
  <testcase classname="com.OrangeHRM.TestCases.OrangeHRMTestCases" name="addUserTC_003" time="0.0">
    <ignored/>
  </testcase> <!-- addUserTC_003 -->
  <testcase classname="com.OrangeHRM.TestCases.OrangeHRMTestCases" name="addUserTC_004" time="0.0">
    <ignored/>
  </testcase> <!-- addUserTC_004 -->
</testsuite> <!-- Test -->
