<?xml version="1.0" encoding="UTF-8"?>
<testng-results ignored="2" total="4" passed="2" failed="0" skipped="0">
  <reporter-output>
  </reporter-output>
  <suite started-at="2023-12-19T21:37:35 IST" name="Suite" finished-at="2023-12-19T21:38:28 IST" duration-ms="53163">
    <groups>
      <group name="smoke">
        <method signature="OrangeHRMTestCases.loginWithValidCredentialsTC_001()[pri:1, instance:com.OrangeHRM.TestCases.OrangeHRMTestCases@6a84a97d]" name="loginWithValidCredentialsTC_001" class="com.OrangeHRM.TestCases.OrangeHRMTestCases"/>
        <method signature="OrangeHRMTestCases.loginWithInvalidCredentialsTC_002()[pri:2, instance:com.OrangeHRM.TestCases.OrangeHRMTestCases@6a84a97d]" name="loginWithInvalidCredentialsTC_002" class="com.OrangeHRM.TestCases.OrangeHRMTestCases"/>
      </group> <!-- smoke -->
    </groups>
    <test started-at="2023-12-19T21:37:35 IST" name="Test" finished-at="2023-12-19T21:38:28 IST" duration-ms="53163">
      <class name="com.OrangeHRM.TestCases.OrangeHRMTestCases">
        <test-method is-config="true" signature="befSuite()[pri:0, instance:com.OrangeHRM.TestCases.OrangeHRMTestCases@6a84a97d]" started-at="2023-12-19T21:37:34 IST" name="befSuite" finished-at="2023-12-19T21:37:35 IST" duration-ms="332" status="PASS">
          <reporter-output>
          </reporter-output>
        </test-method> <!-- befSuite -->
        <test-method is-config="true" signature="setUp()[pri:0, instance:com.OrangeHRM.TestCases.OrangeHRMTestCases@6a84a97d]" started-at="2023-12-19T21:37:35 IST" name="setUp" finished-at="2023-12-19T21:37:48 IST" duration-ms="13331" status="PASS">
          <reporter-output>
          </reporter-output>
        </test-method> <!-- setUp -->
        <test-method signature="loginWithValidCredentialsTC_001()[pri:1, instance:com.OrangeHRM.TestCases.OrangeHRMTestCases@6a84a97d]" started-at="2023-12-19T21:37:48 IST" name="loginWithValidCredentialsTC_001" finished-at="2023-12-19T21:37:57 IST" duration-ms="8985" status="PASS">
          <reporter-output>
          </reporter-output>
        </test-method> <!-- loginWithValidCredentialsTC_001 -->
        <test-method is-config="true" signature="tearDown(org.testng.ITestResult)[pri:0, instance:com.OrangeHRM.TestCases.OrangeHRMTestCases@6a84a97d]" started-at="2023-12-19T21:37:57 IST" name="tearDown" finished-at="2023-12-19T21:37:57 IST" duration-ms="1" status="PASS">
          <params>
            <param index="0">
              <value>
                <![CDATA[[TestResult name=loginWithValidCredentialsTC_001 status=SUCCESS method=OrangeHRMTestCases.loginWithValidCredentialsTC_001()[pri:1, instance:com.OrangeHRM.TestCases.OrangeHRMTestCases@6a84a97d] output={null}]]]>
              </value>
            </param>
          </params>
          <reporter-output>
          </reporter-output>
        </test-method> <!-- tearDown -->
        <test-method is-config="true" signature="setUp()[pri:0, instance:com.OrangeHRM.TestCases.OrangeHRMTestCases@6a84a97d]" started-at="2023-12-19T21:37:57 IST" name="setUp" finished-at="2023-12-19T21:38:16 IST" duration-ms="18484" status="PASS">
          <reporter-output>
          </reporter-output>
        </test-method> <!-- setUp -->
        <test-method signature="loginWithInvalidCredentialsTC_002()[pri:2, instance:com.OrangeHRM.TestCases.OrangeHRMTestCases@6a84a97d]" started-at="2023-12-19T21:38:16 IST" name="loginWithInvalidCredentialsTC_002" finished-at="2023-12-19T21:38:28 IST" duration-ms="12299" status="PASS">
          <reporter-output>
          </reporter-output>
        </test-method> <!-- loginWithInvalidCredentialsTC_002 -->
        <test-method is-config="true" signature="tearDown(org.testng.ITestResult)[pri:0, instance:com.OrangeHRM.TestCases.OrangeHRMTestCases@6a84a97d]" started-at="2023-12-19T21:38:28 IST" name="tearDown" finished-at="2023-12-19T21:38:28 IST" duration-ms="1" status="PASS">
          <params>
            <param index="0">
              <value>
                <![CDATA[[TestResult name=loginWithInvalidCredentialsTC_002 status=SUCCESS method=OrangeHRMTestCases.loginWithInvalidCredentialsTC_002()[pri:2, instance:com.OrangeHRM.TestCases.OrangeHRMTestCases@6a84a97d] output={null}]]]>
              </value>
            </param>
          </params>
          <reporter-output>
          </reporter-output>
        </test-method> <!-- tearDown -->
        <test-method is-config="true" signature="aftSuite()[pri:0, instance:com.OrangeHRM.TestCases.OrangeHRMTestCases@6a84a97d]" started-at="2023-12-19T21:38:28 IST" name="aftSuite" finished-at="2023-12-19T21:38:28 IST" duration-ms="381" status="PASS">
          <reporter-output>
          </reporter-output>
        </test-method> <!-- aftSuite -->
      </class> <!-- com.OrangeHRM.TestCases.OrangeHRMTestCases -->
    </test> <!-- Test -->
  </suite> <!-- Suite -->
</testng-results>
