<?xml version="1.0" encoding="UTF-8"?>
<testng-results ignored="2" total="4" passed="2" failed="0" skipped="0">
  <reporter-output>
  </reporter-output>
  <suite started-at="2023-12-22T18:24:15 IST" name="Suite" finished-at="2023-12-22T18:25:00 IST" duration-ms="44826">
    <groups>
      <group name="smoke">
        <method signature="OrangeHRMTestCases.loginWithValidCredentialsTC_001()[pri:1, instance:com.OrangeHRM.TestCases.OrangeHRMTestCases@645aa696]" name="loginWithValidCredentialsTC_001" class="com.OrangeHRM.TestCases.OrangeHRMTestCases"/>
        <method signature="OrangeHRMTestCases.loginWithInvalidCredentialsTC_002()[pri:2, instance:com.OrangeHRM.TestCases.OrangeHRMTestCases@645aa696]" name="loginWithInvalidCredentialsTC_002" class="com.OrangeHRM.TestCases.OrangeHRMTestCases"/>
      </group> <!-- smoke -->
    </groups>
    <test started-at="2023-12-22T18:24:15 IST" name="Test" finished-at="2023-12-22T18:25:00 IST" duration-ms="44826">
      <class name="com.OrangeHRM.TestCases.OrangeHRMTestCases">
        <test-method is-config="true" signature="befSuite()[pri:0, instance:com.OrangeHRM.TestCases.OrangeHRMTestCases@645aa696]" started-at="2023-12-22T18:24:15 IST" name="befSuite" finished-at="2023-12-22T18:24:15 IST" duration-ms="237" status="PASS">
          <reporter-output>
          </reporter-output>
        </test-method> <!-- befSuite -->
        <test-method is-config="true" signature="setUp()[pri:0, instance:com.OrangeHRM.TestCases.OrangeHRMTestCases@645aa696]" started-at="2023-12-22T18:24:15 IST" name="setUp" finished-at="2023-12-22T18:24:21 IST" duration-ms="6439" status="PASS">
          <reporter-output>
          </reporter-output>
        </test-method> <!-- setUp -->
        <test-method signature="loginWithValidCredentialsTC_001()[pri:1, instance:com.OrangeHRM.TestCases.OrangeHRMTestCases@645aa696]" started-at="2023-12-22T18:24:21 IST" name="loginWithValidCredentialsTC_001" finished-at="2023-12-22T18:24:30 IST" duration-ms="8916" status="PASS">
          <reporter-output>
          </reporter-output>
        </test-method> <!-- loginWithValidCredentialsTC_001 -->
        <test-method is-config="true" signature="tearDown(org.testng.ITestResult)[pri:0, instance:com.OrangeHRM.TestCases.OrangeHRMTestCases@645aa696]" started-at="2023-12-22T18:24:30 IST" name="tearDown" finished-at="2023-12-22T18:24:30 IST" duration-ms="5" status="PASS">
          <params>
            <param index="0">
              <value>
                <![CDATA[[TestResult name=loginWithValidCredentialsTC_001 status=SUCCESS method=OrangeHRMTestCases.loginWithValidCredentialsTC_001()[pri:1, instance:com.OrangeHRM.TestCases.OrangeHRMTestCases@645aa696] output={null}]]]>
              </value>
            </param>
          </params>
          <reporter-output>
          </reporter-output>
        </test-method> <!-- tearDown -->
        <test-method is-config="true" signature="setUp()[pri:0, instance:com.OrangeHRM.TestCases.OrangeHRMTestCases@645aa696]" started-at="2023-12-22T18:24:30 IST" name="setUp" finished-at="2023-12-22T18:24:47 IST" duration-ms="17108" status="PASS">
          <reporter-output>
          </reporter-output>
        </test-method> <!-- setUp -->
        <test-method signature="loginWithInvalidCredentialsTC_002()[pri:2, instance:com.OrangeHRM.TestCases.OrangeHRMTestCases@645aa696]" started-at="2023-12-22T18:24:47 IST" name="loginWithInvalidCredentialsTC_002" finished-at="2023-12-22T18:25:00 IST" duration-ms="12317" status="PASS">
          <reporter-output>
          </reporter-output>
        </test-method> <!-- loginWithInvalidCredentialsTC_002 -->
        <test-method is-config="true" signature="tearDown(org.testng.ITestResult)[pri:0, instance:com.OrangeHRM.TestCases.OrangeHRMTestCases@645aa696]" started-at="2023-12-22T18:25:00 IST" name="tearDown" finished-at="2023-12-22T18:25:00 IST" duration-ms="0" status="PASS">
          <params>
            <param index="0">
              <value>
                <![CDATA[[TestResult name=loginWithInvalidCredentialsTC_002 status=SUCCESS method=OrangeHRMTestCases.loginWithInvalidCredentialsTC_002()[pri:2, instance:com.OrangeHRM.TestCases.OrangeHRMTestCases@645aa696] output={null}]]]>
              </value>
            </param>
          </params>
          <reporter-output>
          </reporter-output>
        </test-method> <!-- tearDown -->
        <test-method is-config="true" signature="aftSuite()[pri:0, instance:com.OrangeHRM.TestCases.OrangeHRMTestCases@645aa696]" started-at="2023-12-22T18:25:00 IST" name="aftSuite" finished-at="2023-12-22T18:25:00 IST" duration-ms="426" status="PASS">
          <reporter-output>
          </reporter-output>
        </test-method> <!-- aftSuite -->
      </class> <!-- com.OrangeHRM.TestCases.OrangeHRMTestCases -->
    </test> <!-- Test -->
  </suite> <!-- Suite -->
</testng-results>
